[debug] [2022-08-31T00:15:19.797Z] ----------------------------------------------------------------------
[debug] [2022-08-31T00:15:19.798Z] Command:       /usr/local/bin/node /usr/local/bin/firebase deploy --only functions
[debug] [2022-08-31T00:15:19.798Z] CLI Version:   11.8.0
[debug] [2022-08-31T00:15:19.798Z] Platform:      darwin
[debug] [2022-08-31T00:15:19.798Z] Node Version:  v16.13.1
[debug] [2022-08-31T00:15:19.799Z] Time:          Tue Aug 30 2022 17:15:19 GMT-0700 (Pacific Daylight Time)
[debug] [2022-08-31T00:15:19.799Z] ----------------------------------------------------------------------
[debug] 
[debug] [2022-08-31T00:15:19.826Z] > command requires scopes: ["email","openid","https://www.googleapis.com/auth/cloudplatformprojects.readonly","https://www.googleapis.com/auth/firebase","https://www.googleapis.com/auth/cloud-platform"]
[debug] [2022-08-31T00:15:19.826Z] > authorizing via signed-in user (julian.bertalli9@gmail.com)
[debug] [2022-08-31T00:15:19.826Z] [iam] checking project zip-code-360707 for permissions ["cloudfunctions.functions.create","cloudfunctions.functions.delete","cloudfunctions.functions.get","cloudfunctions.functions.list","cloudfunctions.functions.update","cloudfunctions.operations.get","firebase.projects.get"]
[debug] [2022-08-31T00:15:19.826Z] > refreshing access token with scopes: []
[debug] [2022-08-31T00:15:19.827Z] >>> [apiv2][query] POST https://www.googleapis.com/oauth2/v3/token [none]
[debug] [2022-08-31T00:15:19.827Z] >>> [apiv2][body] POST https://www.googleapis.com/oauth2/v3/token [omitted]
[debug] [2022-08-31T00:15:20.107Z] <<< [apiv2][status] POST https://www.googleapis.com/oauth2/v3/token 200
[debug] [2022-08-31T00:15:20.107Z] <<< [apiv2][body] POST https://www.googleapis.com/oauth2/v3/token [omitted]
[debug] [2022-08-31T00:15:20.153Z] >>> [apiv2][query] POST https://cloudresourcemanager.googleapis.com/v1/projects/zip-code-360707:testIamPermissions [none]
[debug] [2022-08-31T00:15:20.153Z] >>> [apiv2][(partial)header] POST https://cloudresourcemanager.googleapis.com/v1/projects/zip-code-360707:testIamPermissions x-goog-quota-user=projects/zip-code-360707
[debug] [2022-08-31T00:15:20.153Z] >>> [apiv2][body] POST https://cloudresourcemanager.googleapis.com/v1/projects/zip-code-360707:testIamPermissions {"permissions":["cloudfunctions.functions.create","cloudfunctions.functions.delete","cloudfunctions.functions.get","cloudfunctions.functions.list","cloudfunctions.functions.update","cloudfunctions.operations.get","firebase.projects.get"]}
[debug] [2022-08-31T00:15:20.454Z] <<< [apiv2][status] POST https://cloudresourcemanager.googleapis.com/v1/projects/zip-code-360707:testIamPermissions 200
[debug] [2022-08-31T00:15:20.454Z] <<< [apiv2][body] POST https://cloudresourcemanager.googleapis.com/v1/projects/zip-code-360707:testIamPermissions {"permissions":["cloudfunctions.functions.create","cloudfunctions.functions.delete","cloudfunctions.functions.get","cloudfunctions.functions.list","cloudfunctions.functions.update","cloudfunctions.operations.get","firebase.projects.get"]}
[debug] [2022-08-31T00:15:20.455Z] >>> [apiv2][query] POST https://iam.googleapis.com/v1/projects/zip-code-360707/serviceAccounts/zip-code-360707@appspot.gserviceaccount.com:testIamPermissions [none]
[debug] [2022-08-31T00:15:20.455Z] >>> [apiv2][body] POST https://iam.googleapis.com/v1/projects/zip-code-360707/serviceAccounts/zip-code-360707@appspot.gserviceaccount.com:testIamPermissions {"permissions":["iam.serviceAccounts.actAs"]}
[debug] [2022-08-31T00:15:20.758Z] <<< [apiv2][status] POST https://iam.googleapis.com/v1/projects/zip-code-360707/serviceAccounts/zip-code-360707@appspot.gserviceaccount.com:testIamPermissions 200
[debug] [2022-08-31T00:15:20.758Z] <<< [apiv2][body] POST https://iam.googleapis.com/v1/projects/zip-code-360707/serviceAccounts/zip-code-360707@appspot.gserviceaccount.com:testIamPermissions {"permissions":["iam.serviceAccounts.actAs"]}
[info] 
[info] === Deploying to 'zip-code-360707'...
[info] 
[info] i  deploying functions 
[info] Running command: npm --prefix "$RESOURCE_DIR" run build
[info] ✔  functions: Finished running predeploy script. 
[debug] [2022-08-31T00:15:23.652Z] >>> [apiv2][query] GET https://firebase.googleapis.com/v1beta1/projects/zip-code-360707 [none]
[debug] [2022-08-31T00:15:24.047Z] <<< [apiv2][status] GET https://firebase.googleapis.com/v1beta1/projects/zip-code-360707 200
[debug] [2022-08-31T00:15:24.047Z] <<< [apiv2][body] GET https://firebase.googleapis.com/v1beta1/projects/zip-code-360707 {"projectId":"zip-code-360707","projectNumber":"190705015541","displayName":"Zip-Code","name":"projects/zip-code-360707","resources":{"hostingSite":"zip-code-360707","storageBucket":"zip-code-360707.appspot.com","locationId":"us-west2"},"state":"ACTIVE","etag":"1_efdb98ec-64ee-4f90-85fb-f55d9f02f18f"}
[info] i  functions: ensuring required API cloudfunctions.googleapis.com is enabled... 
[info] i  functions: ensuring required API cloudbuild.googleapis.com is enabled... 
[info] i  artifactregistry: ensuring required API artifactregistry.googleapis.com is enabled... 
[debug] [2022-08-31T00:15:24.048Z] >>> [apiv2][query] GET https://serviceusage.googleapis.com/v1/projects/zip-code-360707/services/cloudfunctions.googleapis.com [none]
[debug] [2022-08-31T00:15:24.048Z] >>> [apiv2][query] GET https://serviceusage.googleapis.com/v1/projects/zip-code-360707/services/runtimeconfig.googleapis.com [none]
[debug] [2022-08-31T00:15:24.049Z] >>> [apiv2][query] GET https://serviceusage.googleapis.com/v1/projects/zip-code-360707/services/cloudbuild.googleapis.com [none]
[debug] [2022-08-31T00:15:24.049Z] >>> [apiv2][query] GET https://serviceusage.googleapis.com/v1/projects/zip-code-360707/services/artifactregistry.googleapis.com [none]
[debug] [2022-08-31T00:15:24.388Z] <<< [apiv2][status] GET https://serviceusage.googleapis.com/v1/projects/zip-code-360707/services/runtimeconfig.googleapis.com 200
[debug] [2022-08-31T00:15:24.388Z] <<< [apiv2][body] GET https://serviceusage.googleapis.com/v1/projects/zip-code-360707/services/runtimeconfig.googleapis.com [omitted]
[debug] [2022-08-31T00:15:24.391Z] <<< [apiv2][status] GET https://serviceusage.googleapis.com/v1/projects/zip-code-360707/services/artifactregistry.googleapis.com 200
[debug] [2022-08-31T00:15:24.391Z] <<< [apiv2][body] GET https://serviceusage.googleapis.com/v1/projects/zip-code-360707/services/artifactregistry.googleapis.com [omitted]
[warn] ⚠  artifactregistry: missing required API artifactregistry.googleapis.com. Enabling now... 
[debug] [2022-08-31T00:15:24.392Z] >>> [apiv2][query] POST https://serviceusage.googleapis.com/v1/projects/zip-code-360707/services/artifactregistry.googleapis.com:enable [none]
[debug] [2022-08-31T00:15:24.418Z] <<< [apiv2][status] GET https://serviceusage.googleapis.com/v1/projects/zip-code-360707/services/cloudbuild.googleapis.com 200
[debug] [2022-08-31T00:15:24.418Z] <<< [apiv2][body] GET https://serviceusage.googleapis.com/v1/projects/zip-code-360707/services/cloudbuild.googleapis.com [omitted]
[warn] ⚠  functions: missing required API cloudbuild.googleapis.com. Enabling now... 
[debug] [2022-08-31T00:15:24.418Z] >>> [apiv2][query] POST https://serviceusage.googleapis.com/v1/projects/zip-code-360707/services/cloudbuild.googleapis.com:enable [none]
[debug] [2022-08-31T00:15:24.421Z] <<< [apiv2][status] GET https://serviceusage.googleapis.com/v1/projects/zip-code-360707/services/cloudfunctions.googleapis.com 200
[debug] [2022-08-31T00:15:24.421Z] <<< [apiv2][body] GET https://serviceusage.googleapis.com/v1/projects/zip-code-360707/services/cloudfunctions.googleapis.com [omitted]
[info] ✔  functions: required API cloudfunctions.googleapis.com is enabled 
[debug] [2022-08-31T00:15:25.008Z] <<< [apiv2][status] POST https://serviceusage.googleapis.com/v1/projects/zip-code-360707/services/artifactregistry.googleapis.com:enable 200
[debug] [2022-08-31T00:15:25.008Z] <<< [apiv2][body] POST https://serviceusage.googleapis.com/v1/projects/zip-code-360707/services/artifactregistry.googleapis.com:enable [omitted]
[debug] [2022-08-31T00:15:25.067Z] <<< [apiv2][status] POST https://serviceusage.googleapis.com/v1/projects/zip-code-360707/services/cloudbuild.googleapis.com:enable 200
[debug] [2022-08-31T00:15:25.067Z] <<< [apiv2][body] POST https://serviceusage.googleapis.com/v1/projects/zip-code-360707/services/cloudbuild.googleapis.com:enable [omitted]
[debug] [2022-08-31T00:15:35.011Z] >>> [apiv2][query] GET https://serviceusage.googleapis.com/v1/projects/zip-code-360707/services/artifactregistry.googleapis.com [none]
[debug] [2022-08-31T00:15:35.070Z] >>> [apiv2][query] GET https://serviceusage.googleapis.com/v1/projects/zip-code-360707/services/cloudbuild.googleapis.com [none]
[debug] [2022-08-31T00:15:35.370Z] <<< [apiv2][status] GET https://serviceusage.googleapis.com/v1/projects/zip-code-360707/services/artifactregistry.googleapis.com 200
[debug] [2022-08-31T00:15:35.370Z] <<< [apiv2][body] GET https://serviceusage.googleapis.com/v1/projects/zip-code-360707/services/artifactregistry.googleapis.com [omitted]
[info] ✔  artifactregistry: required API artifactregistry.googleapis.com is enabled 
[debug] [2022-08-31T00:15:35.380Z] <<< [apiv2][status] GET https://serviceusage.googleapis.com/v1/projects/zip-code-360707/services/cloudbuild.googleapis.com 200
[debug] [2022-08-31T00:15:35.381Z] <<< [apiv2][body] GET https://serviceusage.googleapis.com/v1/projects/zip-code-360707/services/cloudbuild.googleapis.com [omitted]
[info] i  functions: waiting for API cloudbuild.googleapis.com to activate... 
[debug] [2022-08-31T00:15:45.383Z] >>> [apiv2][query] GET https://serviceusage.googleapis.com/v1/projects/zip-code-360707/services/cloudbuild.googleapis.com [none]
[debug] [2022-08-31T00:15:45.703Z] <<< [apiv2][status] GET https://serviceusage.googleapis.com/v1/projects/zip-code-360707/services/cloudbuild.googleapis.com 200
[debug] [2022-08-31T00:15:45.703Z] <<< [apiv2][body] GET https://serviceusage.googleapis.com/v1/projects/zip-code-360707/services/cloudbuild.googleapis.com [omitted]
[info] ✔  functions: required API cloudbuild.googleapis.com is enabled 
[debug] [2022-08-31T00:15:45.708Z] >>> [apiv2][query] GET https://firebase.googleapis.com/v1beta1/projects/zip-code-360707/adminSdkConfig [none]
[debug] [2022-08-31T00:15:46.091Z] <<< [apiv2][status] GET https://firebase.googleapis.com/v1beta1/projects/zip-code-360707/adminSdkConfig 200
[debug] [2022-08-31T00:15:46.091Z] <<< [apiv2][body] GET https://firebase.googleapis.com/v1beta1/projects/zip-code-360707/adminSdkConfig {"projectId":"zip-code-360707","storageBucket":"zip-code-360707.appspot.com","locationId":"us-west2"}
[debug] [2022-08-31T00:15:46.093Z] >>> [apiv2][query] GET https://runtimeconfig.googleapis.com/v1beta1/projects/zip-code-360707/configs [none]
[debug] [2022-08-31T00:15:46.555Z] <<< [apiv2][status] GET https://runtimeconfig.googleapis.com/v1beta1/projects/zip-code-360707/configs 200
[debug] [2022-08-31T00:15:46.556Z] <<< [apiv2][body] GET https://runtimeconfig.googleapis.com/v1beta1/projects/zip-code-360707/configs {}
[info] i  functions: preparing codebase default for deployment 
[debug] [2022-08-31T00:15:46.560Z] Validating nodejs source
[debug] [2022-08-31T00:15:47.361Z] > [functions] package.json contents: {
  "name": "functions",
  "scripts": {
    "build": "tsc",
    "build:watch": "tsc --watch",
    "serve": "npm run build && firebase emulators:start --only functions",
    "shell": "npm run build && firebase functions:shell",
    "start": "npm run shell",
    "deploy": "firebase deploy --only functions",
    "logs": "firebase functions:log"
  },
  "engines": {
    "node": "16"
  },
  "main": "lib/index.js",
  "dependencies": {
    "firebase-admin": "^10.2.0",
    "firebase-functions": "^3.21.0"
  },
  "devDependencies": {
    "typescript": "^4.6.4"
  },
  "private": true
}
[debug] [2022-08-31T00:15:47.362Z] Building nodejs source
[debug] [2022-08-31T00:15:47.363Z] Could not find functions.yaml. Must use http discovery
[debug] [2022-08-31T00:15:47.636Z] Serving at port 9005

[debug] [2022-08-31T00:15:47.682Z] Got response from /__/functions.yaml {"endpoints":{"createUserDocument":{"platform":"gcfv1","eventTrigger":{"eventType":"providers/firebase.auth/eventTypes/user.create","eventFilters":{"resource":"projects/zip-code-360707"},"retry":false},"labels":{},"entryPoint":"createUserDocument"}},"specVersion":"v1alpha1","requiredAPIs":[]}
[debug] [2022-08-31T00:15:47.686Z] shutdown requested via /__/quitquitquit

[info] i  functions: preparing functions directory for uploading... 
[info] i  functions: packaged /Users/julianbertalli/Desktop/zip_code/zip_code/functions (56.7 KB) for uploading 
[debug] [2022-08-31T00:15:47.711Z] >>> [apiv2][query] GET https://cloudfunctions.googleapis.com/v1/projects/zip-code-360707/locations/-/functions [none]
[debug] [2022-08-31T00:15:48.559Z] <<< [apiv2][status] GET https://cloudfunctions.googleapis.com/v1/projects/zip-code-360707/locations/-/functions 200
[debug] [2022-08-31T00:15:48.559Z] <<< [apiv2][body] GET https://cloudfunctions.googleapis.com/v1/projects/zip-code-360707/locations/-/functions {}
[debug] [2022-08-31T00:15:48.560Z] >>> [apiv2][query] GET https://cloudfunctions.googleapis.com/v2alpha/projects/zip-code-360707/locations/-/functions [none]
[debug] [2022-08-31T00:15:49.267Z] <<< [apiv2][status] GET https://cloudfunctions.googleapis.com/v2alpha/projects/zip-code-360707/locations/-/functions 200
[debug] [2022-08-31T00:15:49.267Z] <<< [apiv2][body] GET https://cloudfunctions.googleapis.com/v2alpha/projects/zip-code-360707/locations/-/functions {}
[debug] [2022-08-31T00:15:49.277Z] >>> [apiv2][query] GET https://firebase.googleapis.com/v1beta1/projects/zip-code-360707 [none]
[debug] [2022-08-31T00:15:49.663Z] <<< [apiv2][status] GET https://firebase.googleapis.com/v1beta1/projects/zip-code-360707 200
[debug] [2022-08-31T00:15:49.664Z] <<< [apiv2][body] GET https://firebase.googleapis.com/v1beta1/projects/zip-code-360707 {"projectId":"zip-code-360707","projectNumber":"190705015541","displayName":"Zip-Code","name":"projects/zip-code-360707","resources":{"hostingSite":"zip-code-360707","storageBucket":"zip-code-360707.appspot.com","locationId":"us-west2"},"state":"ACTIVE","etag":"1_efdb98ec-64ee-4f90-85fb-f55d9f02f18f"}
[debug] [2022-08-31T00:15:49.666Z] >>> [apiv2][query] POST https://cloudfunctions.googleapis.com/v1/projects/zip-code-360707/locations/us-central1/functions:generateUploadUrl [none]
[debug] [2022-08-31T00:15:49.666Z] >>> [apiv2][body] POST https://cloudfunctions.googleapis.com/v1/projects/zip-code-360707/locations/us-central1/functions:generateUploadUrl {}
[debug] [2022-08-31T00:15:58.537Z] <<< [apiv2][status] POST https://cloudfunctions.googleapis.com/v1/projects/zip-code-360707/locations/us-central1/functions:generateUploadUrl 200
[debug] [2022-08-31T00:15:58.537Z] <<< [apiv2][body] POST https://cloudfunctions.googleapis.com/v1/projects/zip-code-360707/locations/us-central1/functions:generateUploadUrl {"uploadUrl":"https://storage.googleapis.com/uploads-353291459238.us-central1.cloudfunctions.appspot.com/c40e1a83-a514-4c0a-a3c7-e7909c6f45a9.zip?GoogleAccessId=service-190705015541@gcf-admin-robot.iam.gserviceaccount.com&Expires=1661906758&Signature=vil8i%2Bh0iREMj4HkNKbPdKmSUIgiRIurBTECiW2TvYyyV52tXTH4HWvK67iFI9gPeyAfDpllCDRspmrvYvz0sR5T8j3RJwhrYlDUuwucsYOepwDotqO3c7CRWith1v8Hwe7zCuyjKqttg%2Fdd5jdZK%2BifZRQZy5k%2BzFnvXSxoO3HSZQWW3C3FbyAA1J37L%2BBeVLOgAECqf6tsGG6r6BDNTdWuHXHnfJwToAIBC7TY3JxnAD%2FYpl2FVB6Nu6B2P1o2YSDgLmvb7j4kCFrn597ZyN6EBNxPbIk%2B%2B%2BLN2QXHTIgIsRsjSOfYsidDKFsXeO4jARnfUr748eC00IseGf8wew%3D%3D"}
[debug] [2022-08-31T00:15:58.540Z] >>> [apiv2][query] PUT https://storage.googleapis.com/uploads-353291459238.us-central1.cloudfunctions.appspot.com/c40e1a83-a514-4c0a-a3c7-e7909c6f45a9.zip GoogleAccessId=service-190705015541%40gcf-admin-robot.iam.gserviceaccount.com&Expires=1661906758&Signature=vil8i%2Bh0iREMj4HkNKbPdKmSUIgiRIurBTECiW2TvYyyV52tXTH4HWvK67iFI9gPeyAfDpllCDRspmrvYvz0sR5T8j3RJwhrYlDUuwucsYOepwDotqO3c7CRWith1v8Hwe7zCuyjKqttg%2Fdd5jdZK%2BifZRQZy5k%2BzFnvXSxoO3HSZQWW3C3FbyAA1J37L%2BBeVLOgAECqf6tsGG6r6BDNTdWuHXHnfJwToAIBC7TY3JxnAD%2FYpl2FVB6Nu6B2P1o2YSDgLmvb7j4kCFrn597ZyN6EBNxPbIk%2B%2B%2BLN2QXHTIgIsRsjSOfYsidDKFsXeO4jARnfUr748eC00IseGf8wew%3D%3D
[debug] [2022-08-31T00:15:58.540Z] >>> [apiv2][body] PUT https://storage.googleapis.com/uploads-353291459238.us-central1.cloudfunctions.appspot.com/c40e1a83-a514-4c0a-a3c7-e7909c6f45a9.zip [stream]
[debug] [2022-08-31T00:15:58.955Z] <<< [apiv2][status] PUT https://storage.googleapis.com/uploads-353291459238.us-central1.cloudfunctions.appspot.com/c40e1a83-a514-4c0a-a3c7-e7909c6f45a9.zip 200
[debug] [2022-08-31T00:15:58.956Z] <<< [apiv2][body] PUT https://storage.googleapis.com/uploads-353291459238.us-central1.cloudfunctions.appspot.com/c40e1a83-a514-4c0a-a3c7-e7909c6f45a9.zip [omitted]
[info] ✔  functions: functions folder uploaded successfully 
[info] i  functions: creating Node.js 16 function createUserDocument(us-central1)... 
[debug] [2022-08-31T00:15:58.967Z] >>> [apiv2][query] POST https://cloudfunctions.googleapis.com/v1/projects/zip-code-360707/locations/us-central1/functions [none]
[debug] [2022-08-31T00:15:58.967Z] >>> [apiv2][body] POST https://cloudfunctions.googleapis.com/v1/projects/zip-code-360707/locations/us-central1/functions {"name":"projects/zip-code-360707/locations/us-central1/functions/createUserDocument","sourceUploadUrl":"https://storage.googleapis.com/uploads-353291459238.us-central1.cloudfunctions.appspot.com/c40e1a83-a514-4c0a-a3c7-e7909c6f45a9.zip?GoogleAccessId=service-190705015541@gcf-admin-robot.iam.gserviceaccount.com&Expires=1661906758&Signature=vil8i%2Bh0iREMj4HkNKbPdKmSUIgiRIurBTECiW2TvYyyV52tXTH4HWvK67iFI9gPeyAfDpllCDRspmrvYvz0sR5T8j3RJwhrYlDUuwucsYOepwDotqO3c7CRWith1v8Hwe7zCuyjKqttg%2Fdd5jdZK%2BifZRQZy5k%2BzFnvXSxoO3HSZQWW3C3FbyAA1J37L%2BBeVLOgAECqf6tsGG6r6BDNTdWuHXHnfJwToAIBC7TY3JxnAD%2FYpl2FVB6Nu6B2P1o2YSDgLmvb7j4kCFrn597ZyN6EBNxPbIk%2B%2B%2BLN2QXHTIgIsRsjSOfYsidDKFsXeO4jARnfUr748eC00IseGf8wew%3D%3D","entryPoint":"createUserDocument","runtime":"nodejs16","dockerRegistry":"ARTIFACT_REGISTRY","labels":{"deployment-tool":"cli-firebase"},"eventTrigger":{"eventType":"providers/firebase.auth/eventTypes/user.create","resource":"projects/zip-code-360707"},"environmentVariables":{"FIREBASE_CONFIG":"{\"projectId\":\"zip-code-360707\",\"storageBucket\":\"zip-code-360707.appspot.com\",\"locationId\":\"us-west2\"}","GCLOUD_PROJECT":"zip-code-360707"}}
[debug] [2022-08-31T00:15:59.969Z] <<< [apiv2][status] POST https://cloudfunctions.googleapis.com/v1/projects/zip-code-360707/locations/us-central1/functions 200
[debug] [2022-08-31T00:15:59.970Z] <<< [apiv2][body] POST https://cloudfunctions.googleapis.com/v1/projects/zip-code-360707/locations/us-central1/functions {"name":"operations/emlwLWNvZGUtMzYwNzA3L3VzLWNlbnRyYWwxL2NyZWF0ZVVzZXJEb2N1bWVudC9Wbks0MndyTlkySQ","metadata":{"@type":"type.googleapis.com/google.cloud.functions.v1.OperationMetadataV1","target":"projects/zip-code-360707/locations/us-central1/functions/createUserDocument","type":"CREATE_FUNCTION","request":{"@type":"type.googleapis.com/google.cloud.functions.v1.CloudFunction","name":"projects/zip-code-360707/locations/us-central1/functions/createUserDocument","eventTrigger":{"eventType":"providers/firebase.auth/eventTypes/user.create","resource":"projects/zip-code-360707"},"entryPoint":"createUserDocument","labels":{"deployment-tool":"cli-firebase"},"sourceUploadUrl":"https://storage.googleapis.com/uploads-353291459238.us-central1.cloudfunctions.appspot.com/c40e1a83-a514-4c0a-a3c7-e7909c6f45a9.zip?GoogleAccessId=service-190705015541@gcf-admin-robot.iam.gserviceaccount.com&Expires=1661906758&Signature=vil8i%2Bh0iREMj4HkNKbPdKmSUIgiRIurBTECiW2TvYyyV52tXTH4HWvK67iFI9gPeyAfDpllCDRspmrvYvz0sR5T8j3RJwhrYlDUuwucsYOepwDotqO3c7CRWith1v8Hwe7zCuyjKqttg%2Fdd5jdZK%2BifZRQZy5k%2BzFnvXSxoO3HSZQWW3C3FbyAA1J37L%2BBeVLOgAECqf6tsGG6r6BDNTdWuHXHnfJwToAIBC7TY3JxnAD%2FYpl2FVB6Nu6B2P1o2YSDgLmvb7j4kCFrn597ZyN6EBNxPbIk%2B%2B%2BLN2QXHTIgIsRsjSOfYsidDKFsXeO4jARnfUr748eC00IseGf8wew%3D%3D","environmentVariables":{"FIREBASE_CONFIG":"{\"projectId\":\"zip-code-360707\",\"storageBucket\":\"zip-code-360707.appspot.com\",\"locationId\":\"us-west2\"}","GCLOUD_PROJECT":"zip-code-360707"},"runtime":"nodejs16","dockerRegistry":"ARTIFACT_REGISTRY"},"versionId":"1","updateTime":"2022-08-31T00:15:59Z"}}
[debug] [2022-08-31T00:15:59.971Z] >>> [apiv2][query] GET https://cloudfunctions.googleapis.com/v1/operations/emlwLWNvZGUtMzYwNzA3L3VzLWNlbnRyYWwxL2NyZWF0ZVVzZXJEb2N1bWVudC9Wbks0MndyTlkySQ [none]
[debug] [2022-08-31T00:16:00.437Z] <<< [apiv2][status] GET https://cloudfunctions.googleapis.com/v1/operations/emlwLWNvZGUtMzYwNzA3L3VzLWNlbnRyYWwxL2NyZWF0ZVVzZXJEb2N1bWVudC9Wbks0MndyTlkySQ 200
[debug] [2022-08-31T00:16:00.437Z] <<< [apiv2][body] GET https://cloudfunctions.googleapis.com/v1/operations/emlwLWNvZGUtMzYwNzA3L3VzLWNlbnRyYWwxL2NyZWF0ZVVzZXJEb2N1bWVudC9Wbks0MndyTlkySQ {"name":"operations/emlwLWNvZGUtMzYwNzA3L3VzLWNlbnRyYWwxL2NyZWF0ZVVzZXJEb2N1bWVudC9Wbks0MndyTlkySQ","metadata":{"@type":"type.googleapis.com/google.cloud.functions.v1.OperationMetadataV1","target":"projects/zip-code-360707/locations/us-central1/functions/createUserDocument","type":"CREATE_FUNCTION","request":{"@type":"type.googleapis.com/google.cloud.functions.v1.CloudFunction","name":"projects/zip-code-360707/locations/us-central1/functions/createUserDocument","eventTrigger":{"eventType":"providers/firebase.auth/eventTypes/user.create","resource":"projects/zip-code-360707"},"entryPoint":"createUserDocument","labels":{"deployment-tool":"cli-firebase"},"sourceUploadUrl":"https://storage.googleapis.com/uploads-353291459238.us-central1.cloudfunctions.appspot.com/c40e1a83-a514-4c0a-a3c7-e7909c6f45a9.zip?GoogleAccessId=service-190705015541@gcf-admin-robot.iam.gserviceaccount.com&Expires=1661906758&Signature=vil8i%2Bh0iREMj4HkNKbPdKmSUIgiRIurBTECiW2TvYyyV52tXTH4HWvK67iFI9gPeyAfDpllCDRspmrvYvz0sR5T8j3RJwhrYlDUuwucsYOepwDotqO3c7CRWith1v8Hwe7zCuyjKqttg%2Fdd5jdZK%2BifZRQZy5k%2BzFnvXSxoO3HSZQWW3C3FbyAA1J37L%2BBeVLOgAECqf6tsGG6r6BDNTdWuHXHnfJwToAIBC7TY3JxnAD%2FYpl2FVB6Nu6B2P1o2YSDgLmvb7j4kCFrn597ZyN6EBNxPbIk%2B%2B%2BLN2QXHTIgIsRsjSOfYsidDKFsXeO4jARnfUr748eC00IseGf8wew%3D%3D","environmentVariables":{"FIREBASE_CONFIG":"{\"projectId\":\"zip-code-360707\",\"storageBucket\":\"zip-code-360707.appspot.com\",\"locationId\":\"us-west2\"}","GCLOUD_PROJECT":"zip-code-360707"},"runtime":"nodejs16","dockerRegistry":"ARTIFACT_REGISTRY"},"versionId":"1","updateTime":"2022-08-31T00:15:59Z"}}
[debug] [2022-08-31T00:16:00.940Z] [create-default-us-central1-createUserDocument] Retrying task index 0
[debug] [2022-08-31T00:16:00.941Z] >>> [apiv2][query] GET https://cloudfunctions.googleapis.com/v1/operations/emlwLWNvZGUtMzYwNzA3L3VzLWNlbnRyYWwxL2NyZWF0ZVVzZXJEb2N1bWVudC9Wbks0MndyTlkySQ [none]
[debug] [2022-08-31T00:16:01.403Z] <<< [apiv2][status] GET https://cloudfunctions.googleapis.com/v1/operations/emlwLWNvZGUtMzYwNzA3L3VzLWNlbnRyYWwxL2NyZWF0ZVVzZXJEb2N1bWVudC9Wbks0MndyTlkySQ 200
[debug] [2022-08-31T00:16:01.403Z] <<< [apiv2][body] GET https://cloudfunctions.googleapis.com/v1/operations/emlwLWNvZGUtMzYwNzA3L3VzLWNlbnRyYWwxL2NyZWF0ZVVzZXJEb2N1bWVudC9Wbks0MndyTlkySQ {"name":"operations/emlwLWNvZGUtMzYwNzA3L3VzLWNlbnRyYWwxL2NyZWF0ZVVzZXJEb2N1bWVudC9Wbks0MndyTlkySQ","metadata":{"@type":"type.googleapis.com/google.cloud.functions.v1.OperationMetadataV1","target":"projects/zip-code-360707/locations/us-central1/functions/createUserDocument","type":"CREATE_FUNCTION","request":{"@type":"type.googleapis.com/google.cloud.functions.v1.CloudFunction","name":"projects/zip-code-360707/locations/us-central1/functions/createUserDocument","eventTrigger":{"eventType":"providers/firebase.auth/eventTypes/user.create","resource":"projects/zip-code-360707"},"entryPoint":"createUserDocument","labels":{"deployment-tool":"cli-firebase"},"sourceUploadUrl":"https://storage.googleapis.com/uploads-353291459238.us-central1.cloudfunctions.appspot.com/c40e1a83-a514-4c0a-a3c7-e7909c6f45a9.zip?GoogleAccessId=service-190705015541@gcf-admin-robot.iam.gserviceaccount.com&Expires=1661906758&Signature=vil8i%2Bh0iREMj4HkNKbPdKmSUIgiRIurBTECiW2TvYyyV52tXTH4HWvK67iFI9gPeyAfDpllCDRspmrvYvz0sR5T8j3RJwhrYlDUuwucsYOepwDotqO3c7CRWith1v8Hwe7zCuyjKqttg%2Fdd5jdZK%2BifZRQZy5k%2BzFnvXSxoO3HSZQWW3C3FbyAA1J37L%2BBeVLOgAECqf6tsGG6r6BDNTdWuHXHnfJwToAIBC7TY3JxnAD%2FYpl2FVB6Nu6B2P1o2YSDgLmvb7j4kCFrn597ZyN6EBNxPbIk%2B%2B%2BLN2QXHTIgIsRsjSOfYsidDKFsXeO4jARnfUr748eC00IseGf8wew%3D%3D","environmentVariables":{"FIREBASE_CONFIG":"{\"projectId\":\"zip-code-360707\",\"storageBucket\":\"zip-code-360707.appspot.com\",\"locationId\":\"us-west2\"}","GCLOUD_PROJECT":"zip-code-360707"},"runtime":"nodejs16","dockerRegistry":"ARTIFACT_REGISTRY"},"versionId":"1","updateTime":"2022-08-31T00:15:59Z"}}
[debug] [2022-08-31T00:16:02.404Z] [create-default-us-central1-createUserDocument] Retrying task index 0
[debug] [2022-08-31T00:16:02.405Z] >>> [apiv2][query] GET https://cloudfunctions.googleapis.com/v1/operations/emlwLWNvZGUtMzYwNzA3L3VzLWNlbnRyYWwxL2NyZWF0ZVVzZXJEb2N1bWVudC9Wbks0MndyTlkySQ [none]
[debug] [2022-08-31T00:16:02.837Z] <<< [apiv2][status] GET https://cloudfunctions.googleapis.com/v1/operations/emlwLWNvZGUtMzYwNzA3L3VzLWNlbnRyYWwxL2NyZWF0ZVVzZXJEb2N1bWVudC9Wbks0MndyTlkySQ 200
[debug] [2022-08-31T00:16:02.837Z] <<< [apiv2][body] GET https://cloudfunctions.googleapis.com/v1/operations/emlwLWNvZGUtMzYwNzA3L3VzLWNlbnRyYWwxL2NyZWF0ZVVzZXJEb2N1bWVudC9Wbks0MndyTlkySQ {"name":"operations/emlwLWNvZGUtMzYwNzA3L3VzLWNlbnRyYWwxL2NyZWF0ZVVzZXJEb2N1bWVudC9Wbks0MndyTlkySQ","metadata":{"@type":"type.googleapis.com/google.cloud.functions.v1.OperationMetadataV1","target":"projects/zip-code-360707/locations/us-central1/functions/createUserDocument","type":"CREATE_FUNCTION","request":{"@type":"type.googleapis.com/google.cloud.functions.v1.CloudFunction","name":"projects/zip-code-360707/locations/us-central1/functions/createUserDocument","eventTrigger":{"eventType":"providers/firebase.auth/eventTypes/user.create","resource":"projects/zip-code-360707"},"entryPoint":"createUserDocument","labels":{"deployment-tool":"cli-firebase"},"sourceUploadUrl":"https://storage.googleapis.com/uploads-353291459238.us-central1.cloudfunctions.appspot.com/c40e1a83-a514-4c0a-a3c7-e7909c6f45a9.zip?GoogleAccessId=service-190705015541@gcf-admin-robot.iam.gserviceaccount.com&Expires=1661906758&Signature=vil8i%2Bh0iREMj4HkNKbPdKmSUIgiRIurBTECiW2TvYyyV52tXTH4HWvK67iFI9gPeyAfDpllCDRspmrvYvz0sR5T8j3RJwhrYlDUuwucsYOepwDotqO3c7CRWith1v8Hwe7zCuyjKqttg%2Fdd5jdZK%2BifZRQZy5k%2BzFnvXSxoO3HSZQWW3C3FbyAA1J37L%2BBeVLOgAECqf6tsGG6r6BDNTdWuHXHnfJwToAIBC7TY3JxnAD%2FYpl2FVB6Nu6B2P1o2YSDgLmvb7j4kCFrn597ZyN6EBNxPbIk%2B%2B%2BLN2QXHTIgIsRsjSOfYsidDKFsXeO4jARnfUr748eC00IseGf8wew%3D%3D","environmentVariables":{"FIREBASE_CONFIG":"{\"projectId\":\"zip-code-360707\",\"storageBucket\":\"zip-code-360707.appspot.com\",\"locationId\":\"us-west2\"}","GCLOUD_PROJECT":"zip-code-360707"},"runtime":"nodejs16","dockerRegistry":"ARTIFACT_REGISTRY"},"versionId":"1","updateTime":"2022-08-31T00:15:59Z"}}
[debug] [2022-08-31T00:16:04.839Z] [create-default-us-central1-createUserDocument] Retrying task index 0
[debug] [2022-08-31T00:16:04.840Z] >>> [apiv2][query] GET https://cloudfunctions.googleapis.com/v1/operations/emlwLWNvZGUtMzYwNzA3L3VzLWNlbnRyYWwxL2NyZWF0ZVVzZXJEb2N1bWVudC9Wbks0MndyTlkySQ [none]
[debug] [2022-08-31T00:16:05.318Z] <<< [apiv2][status] GET https://cloudfunctions.googleapis.com/v1/operations/emlwLWNvZGUtMzYwNzA3L3VzLWNlbnRyYWwxL2NyZWF0ZVVzZXJEb2N1bWVudC9Wbks0MndyTlkySQ 200
[debug] [2022-08-31T00:16:05.318Z] <<< [apiv2][body] GET https://cloudfunctions.googleapis.com/v1/operations/emlwLWNvZGUtMzYwNzA3L3VzLWNlbnRyYWwxL2NyZWF0ZVVzZXJEb2N1bWVudC9Wbks0MndyTlkySQ {"name":"operations/emlwLWNvZGUtMzYwNzA3L3VzLWNlbnRyYWwxL2NyZWF0ZVVzZXJEb2N1bWVudC9Wbks0MndyTlkySQ","metadata":{"@type":"type.googleapis.com/google.cloud.functions.v1.OperationMetadataV1","target":"projects/zip-code-360707/locations/us-central1/functions/createUserDocument","type":"CREATE_FUNCTION","request":{"@type":"type.googleapis.com/google.cloud.functions.v1.CloudFunction","name":"projects/zip-code-360707/locations/us-central1/functions/createUserDocument","eventTrigger":{"eventType":"providers/firebase.auth/eventTypes/user.create","resource":"projects/zip-code-360707"},"entryPoint":"createUserDocument","labels":{"deployment-tool":"cli-firebase"},"sourceUploadUrl":"https://storage.googleapis.com/uploads-353291459238.us-central1.cloudfunctions.appspot.com/c40e1a83-a514-4c0a-a3c7-e7909c6f45a9.zip?GoogleAccessId=service-190705015541@gcf-admin-robot.iam.gserviceaccount.com&Expires=1661906758&Signature=vil8i%2Bh0iREMj4HkNKbPdKmSUIgiRIurBTECiW2TvYyyV52tXTH4HWvK67iFI9gPeyAfDpllCDRspmrvYvz0sR5T8j3RJwhrYlDUuwucsYOepwDotqO3c7CRWith1v8Hwe7zCuyjKqttg%2Fdd5jdZK%2BifZRQZy5k%2BzFnvXSxoO3HSZQWW3C3FbyAA1J37L%2BBeVLOgAECqf6tsGG6r6BDNTdWuHXHnfJwToAIBC7TY3JxnAD%2FYpl2FVB6Nu6B2P1o2YSDgLmvb7j4kCFrn597ZyN6EBNxPbIk%2B%2B%2BLN2QXHTIgIsRsjSOfYsidDKFsXeO4jARnfUr748eC00IseGf8wew%3D%3D","environmentVariables":{"FIREBASE_CONFIG":"{\"projectId\":\"zip-code-360707\",\"storageBucket\":\"zip-code-360707.appspot.com\",\"locationId\":\"us-west2\"}","GCLOUD_PROJECT":"zip-code-360707"},"runtime":"nodejs16","dockerRegistry":"ARTIFACT_REGISTRY"},"versionId":"1","updateTime":"2022-08-31T00:15:59Z"}}
[debug] [2022-08-31T00:16:09.320Z] [create-default-us-central1-createUserDocument] Retrying task index 0
[debug] [2022-08-31T00:16:09.322Z] >>> [apiv2][query] GET https://cloudfunctions.googleapis.com/v1/operations/emlwLWNvZGUtMzYwNzA3L3VzLWNlbnRyYWwxL2NyZWF0ZVVzZXJEb2N1bWVudC9Wbks0MndyTlkySQ [none]
[debug] [2022-08-31T00:16:09.801Z] <<< [apiv2][status] GET https://cloudfunctions.googleapis.com/v1/operations/emlwLWNvZGUtMzYwNzA3L3VzLWNlbnRyYWwxL2NyZWF0ZVVzZXJEb2N1bWVudC9Wbks0MndyTlkySQ 200
[debug] [2022-08-31T00:16:09.802Z] <<< [apiv2][body] GET https://cloudfunctions.googleapis.com/v1/operations/emlwLWNvZGUtMzYwNzA3L3VzLWNlbnRyYWwxL2NyZWF0ZVVzZXJEb2N1bWVudC9Wbks0MndyTlkySQ {"name":"operations/emlwLWNvZGUtMzYwNzA3L3VzLWNlbnRyYWwxL2NyZWF0ZVVzZXJEb2N1bWVudC9Wbks0MndyTlkySQ","metadata":{"@type":"type.googleapis.com/google.cloud.functions.v1.OperationMetadataV1","target":"projects/zip-code-360707/locations/us-central1/functions/createUserDocument","type":"CREATE_FUNCTION","request":{"@type":"type.googleapis.com/google.cloud.functions.v1.CloudFunction","name":"projects/zip-code-360707/locations/us-central1/functions/createUserDocument","eventTrigger":{"eventType":"providers/firebase.auth/eventTypes/user.create","resource":"projects/zip-code-360707"},"entryPoint":"createUserDocument","labels":{"deployment-tool":"cli-firebase"},"sourceUploadUrl":"https://storage.googleapis.com/uploads-353291459238.us-central1.cloudfunctions.appspot.com/c40e1a83-a514-4c0a-a3c7-e7909c6f45a9.zip?GoogleAccessId=service-190705015541@gcf-admin-robot.iam.gserviceaccount.com&Expires=1661906758&Signature=vil8i%2Bh0iREMj4HkNKbPdKmSUIgiRIurBTECiW2TvYyyV52tXTH4HWvK67iFI9gPeyAfDpllCDRspmrvYvz0sR5T8j3RJwhrYlDUuwucsYOepwDotqO3c7CRWith1v8Hwe7zCuyjKqttg%2Fdd5jdZK%2BifZRQZy5k%2BzFnvXSxoO3HSZQWW3C3FbyAA1J37L%2BBeVLOgAECqf6tsGG6r6BDNTdWuHXHnfJwToAIBC7TY3JxnAD%2FYpl2FVB6Nu6B2P1o2YSDgLmvb7j4kCFrn597ZyN6EBNxPbIk%2B%2B%2BLN2QXHTIgIsRsjSOfYsidDKFsXeO4jARnfUr748eC00IseGf8wew%3D%3D","environmentVariables":{"FIREBASE_CONFIG":"{\"projectId\":\"zip-code-360707\",\"storageBucket\":\"zip-code-360707.appspot.com\",\"locationId\":\"us-west2\"}","GCLOUD_PROJECT":"zip-code-360707"},"runtime":"nodejs16","dockerRegistry":"ARTIFACT_REGISTRY"},"versionId":"1","updateTime":"2022-08-31T00:15:59Z"}}
[debug] [2022-08-31T00:16:17.804Z] [create-default-us-central1-createUserDocument] Retrying task index 0
[debug] [2022-08-31T00:16:17.805Z] >>> [apiv2][query] GET https://cloudfunctions.googleapis.com/v1/operations/emlwLWNvZGUtMzYwNzA3L3VzLWNlbnRyYWwxL2NyZWF0ZVVzZXJEb2N1bWVudC9Wbks0MndyTlkySQ [none]
[debug] [2022-08-31T00:16:18.223Z] <<< [apiv2][status] GET https://cloudfunctions.googleapis.com/v1/operations/emlwLWNvZGUtMzYwNzA3L3VzLWNlbnRyYWwxL2NyZWF0ZVVzZXJEb2N1bWVudC9Wbks0MndyTlkySQ 200
[debug] [2022-08-31T00:16:18.223Z] <<< [apiv2][body] GET https://cloudfunctions.googleapis.com/v1/operations/emlwLWNvZGUtMzYwNzA3L3VzLWNlbnRyYWwxL2NyZWF0ZVVzZXJEb2N1bWVudC9Wbks0MndyTlkySQ {"name":"operations/emlwLWNvZGUtMzYwNzA3L3VzLWNlbnRyYWwxL2NyZWF0ZVVzZXJEb2N1bWVudC9Wbks0MndyTlkySQ","metadata":{"@type":"type.googleapis.com/google.cloud.functions.v1.OperationMetadataV1","target":"projects/zip-code-360707/locations/us-central1/functions/createUserDocument","type":"CREATE_FUNCTION","request":{"@type":"type.googleapis.com/google.cloud.functions.v1.CloudFunction","name":"projects/zip-code-360707/locations/us-central1/functions/createUserDocument","eventTrigger":{"eventType":"providers/firebase.auth/eventTypes/user.create","resource":"projects/zip-code-360707"},"entryPoint":"createUserDocument","labels":{"deployment-tool":"cli-firebase"},"sourceUploadUrl":"https://storage.googleapis.com/uploads-353291459238.us-central1.cloudfunctions.appspot.com/c40e1a83-a514-4c0a-a3c7-e7909c6f45a9.zip?GoogleAccessId=service-190705015541@gcf-admin-robot.iam.gserviceaccount.com&Expires=1661906758&Signature=vil8i%2Bh0iREMj4HkNKbPdKmSUIgiRIurBTECiW2TvYyyV52tXTH4HWvK67iFI9gPeyAfDpllCDRspmrvYvz0sR5T8j3RJwhrYlDUuwucsYOepwDotqO3c7CRWith1v8Hwe7zCuyjKqttg%2Fdd5jdZK%2BifZRQZy5k%2BzFnvXSxoO3HSZQWW3C3FbyAA1J37L%2BBeVLOgAECqf6tsGG6r6BDNTdWuHXHnfJwToAIBC7TY3JxnAD%2FYpl2FVB6Nu6B2P1o2YSDgLmvb7j4kCFrn597ZyN6EBNxPbIk%2B%2B%2BLN2QXHTIgIsRsjSOfYsidDKFsXeO4jARnfUr748eC00IseGf8wew%3D%3D","environmentVariables":{"FIREBASE_CONFIG":"{\"projectId\":\"zip-code-360707\",\"storageBucket\":\"zip-code-360707.appspot.com\",\"locationId\":\"us-west2\"}","GCLOUD_PROJECT":"zip-code-360707"},"runtime":"nodejs16","dockerRegistry":"ARTIFACT_REGISTRY"},"versionId":"1","updateTime":"2022-08-31T00:15:59Z","buildId":"ccf35141-e486-4e22-99cf-f61824027114","buildName":"projects/190705015541/locations/us-central1/builds/ccf35141-e486-4e22-99cf-f61824027114"}}
[debug] [2022-08-31T00:16:28.225Z] [create-default-us-central1-createUserDocument] Retrying task index 0
[debug] [2022-08-31T00:16:28.226Z] >>> [apiv2][query] GET https://cloudfunctions.googleapis.com/v1/operations/emlwLWNvZGUtMzYwNzA3L3VzLWNlbnRyYWwxL2NyZWF0ZVVzZXJEb2N1bWVudC9Wbks0MndyTlkySQ [none]
[debug] [2022-08-31T00:16:28.685Z] <<< [apiv2][status] GET https://cloudfunctions.googleapis.com/v1/operations/emlwLWNvZGUtMzYwNzA3L3VzLWNlbnRyYWwxL2NyZWF0ZVVzZXJEb2N1bWVudC9Wbks0MndyTlkySQ 200
[debug] [2022-08-31T00:16:28.685Z] <<< [apiv2][body] GET https://cloudfunctions.googleapis.com/v1/operations/emlwLWNvZGUtMzYwNzA3L3VzLWNlbnRyYWwxL2NyZWF0ZVVzZXJEb2N1bWVudC9Wbks0MndyTlkySQ {"name":"operations/emlwLWNvZGUtMzYwNzA3L3VzLWNlbnRyYWwxL2NyZWF0ZVVzZXJEb2N1bWVudC9Wbks0MndyTlkySQ","metadata":{"@type":"type.googleapis.com/google.cloud.functions.v1.OperationMetadataV1","target":"projects/zip-code-360707/locations/us-central1/functions/createUserDocument","type":"CREATE_FUNCTION","request":{"@type":"type.googleapis.com/google.cloud.functions.v1.CloudFunction","name":"projects/zip-code-360707/locations/us-central1/functions/createUserDocument","eventTrigger":{"eventType":"providers/firebase.auth/eventTypes/user.create","resource":"projects/zip-code-360707"},"entryPoint":"createUserDocument","labels":{"deployment-tool":"cli-firebase"},"sourceUploadUrl":"https://storage.googleapis.com/uploads-353291459238.us-central1.cloudfunctions.appspot.com/c40e1a83-a514-4c0a-a3c7-e7909c6f45a9.zip?GoogleAccessId=service-190705015541@gcf-admin-robot.iam.gserviceaccount.com&Expires=1661906758&Signature=vil8i%2Bh0iREMj4HkNKbPdKmSUIgiRIurBTECiW2TvYyyV52tXTH4HWvK67iFI9gPeyAfDpllCDRspmrvYvz0sR5T8j3RJwhrYlDUuwucsYOepwDotqO3c7CRWith1v8Hwe7zCuyjKqttg%2Fdd5jdZK%2BifZRQZy5k%2BzFnvXSxoO3HSZQWW3C3FbyAA1J37L%2BBeVLOgAECqf6tsGG6r6BDNTdWuHXHnfJwToAIBC7TY3JxnAD%2FYpl2FVB6Nu6B2P1o2YSDgLmvb7j4kCFrn597ZyN6EBNxPbIk%2B%2B%2BLN2QXHTIgIsRsjSOfYsidDKFsXeO4jARnfUr748eC00IseGf8wew%3D%3D","environmentVariables":{"FIREBASE_CONFIG":"{\"projectId\":\"zip-code-360707\",\"storageBucket\":\"zip-code-360707.appspot.com\",\"locationId\":\"us-west2\"}","GCLOUD_PROJECT":"zip-code-360707"},"runtime":"nodejs16","dockerRegistry":"ARTIFACT_REGISTRY"},"versionId":"1","updateTime":"2022-08-31T00:15:59Z","buildId":"ccf35141-e486-4e22-99cf-f61824027114","buildName":"projects/190705015541/locations/us-central1/builds/ccf35141-e486-4e22-99cf-f61824027114"}}
[debug] [2022-08-31T00:16:38.687Z] [create-default-us-central1-createUserDocument] Retrying task index 0
[debug] [2022-08-31T00:16:38.689Z] >>> [apiv2][query] GET https://cloudfunctions.googleapis.com/v1/operations/emlwLWNvZGUtMzYwNzA3L3VzLWNlbnRyYWwxL2NyZWF0ZVVzZXJEb2N1bWVudC9Wbks0MndyTlkySQ [none]
[debug] [2022-08-31T00:16:39.090Z] <<< [apiv2][status] GET https://cloudfunctions.googleapis.com/v1/operations/emlwLWNvZGUtMzYwNzA3L3VzLWNlbnRyYWwxL2NyZWF0ZVVzZXJEb2N1bWVudC9Wbks0MndyTlkySQ 200
[debug] [2022-08-31T00:16:39.090Z] <<< [apiv2][body] GET https://cloudfunctions.googleapis.com/v1/operations/emlwLWNvZGUtMzYwNzA3L3VzLWNlbnRyYWwxL2NyZWF0ZVVzZXJEb2N1bWVudC9Wbks0MndyTlkySQ {"name":"operations/emlwLWNvZGUtMzYwNzA3L3VzLWNlbnRyYWwxL2NyZWF0ZVVzZXJEb2N1bWVudC9Wbks0MndyTlkySQ","metadata":{"@type":"type.googleapis.com/google.cloud.functions.v1.OperationMetadataV1","target":"projects/zip-code-360707/locations/us-central1/functions/createUserDocument","type":"CREATE_FUNCTION","request":{"@type":"type.googleapis.com/google.cloud.functions.v1.CloudFunction","name":"projects/zip-code-360707/locations/us-central1/functions/createUserDocument","eventTrigger":{"eventType":"providers/firebase.auth/eventTypes/user.create","resource":"projects/zip-code-360707"},"entryPoint":"createUserDocument","labels":{"deployment-tool":"cli-firebase"},"sourceUploadUrl":"https://storage.googleapis.com/uploads-353291459238.us-central1.cloudfunctions.appspot.com/c40e1a83-a514-4c0a-a3c7-e7909c6f45a9.zip?GoogleAccessId=service-190705015541@gcf-admin-robot.iam.gserviceaccount.com&Expires=1661906758&Signature=vil8i%2Bh0iREMj4HkNKbPdKmSUIgiRIurBTECiW2TvYyyV52tXTH4HWvK67iFI9gPeyAfDpllCDRspmrvYvz0sR5T8j3RJwhrYlDUuwucsYOepwDotqO3c7CRWith1v8Hwe7zCuyjKqttg%2Fdd5jdZK%2BifZRQZy5k%2BzFnvXSxoO3HSZQWW3C3FbyAA1J37L%2BBeVLOgAECqf6tsGG6r6BDNTdWuHXHnfJwToAIBC7TY3JxnAD%2FYpl2FVB6Nu6B2P1o2YSDgLmvb7j4kCFrn597ZyN6EBNxPbIk%2B%2B%2BLN2QXHTIgIsRsjSOfYsidDKFsXeO4jARnfUr748eC00IseGf8wew%3D%3D","environmentVariables":{"FIREBASE_CONFIG":"{\"projectId\":\"zip-code-360707\",\"storageBucket\":\"zip-code-360707.appspot.com\",\"locationId\":\"us-west2\"}","GCLOUD_PROJECT":"zip-code-360707"},"runtime":"nodejs16","dockerRegistry":"ARTIFACT_REGISTRY"},"versionId":"1","updateTime":"2022-08-31T00:15:59Z","buildId":"ccf35141-e486-4e22-99cf-f61824027114","buildName":"projects/190705015541/locations/us-central1/builds/ccf35141-e486-4e22-99cf-f61824027114"}}
[debug] [2022-08-31T00:16:49.092Z] [create-default-us-central1-createUserDocument] Retrying task index 0
[debug] [2022-08-31T00:16:49.095Z] >>> [apiv2][query] GET https://cloudfunctions.googleapis.com/v1/operations/emlwLWNvZGUtMzYwNzA3L3VzLWNlbnRyYWwxL2NyZWF0ZVVzZXJEb2N1bWVudC9Wbks0MndyTlkySQ [none]
[debug] [2022-08-31T00:16:49.419Z] <<< [apiv2][status] GET https://cloudfunctions.googleapis.com/v1/operations/emlwLWNvZGUtMzYwNzA3L3VzLWNlbnRyYWwxL2NyZWF0ZVVzZXJEb2N1bWVudC9Wbks0MndyTlkySQ 200
[debug] [2022-08-31T00:16:49.419Z] <<< [apiv2][body] GET https://cloudfunctions.googleapis.com/v1/operations/emlwLWNvZGUtMzYwNzA3L3VzLWNlbnRyYWwxL2NyZWF0ZVVzZXJEb2N1bWVudC9Wbks0MndyTlkySQ {"name":"operations/emlwLWNvZGUtMzYwNzA3L3VzLWNlbnRyYWwxL2NyZWF0ZVVzZXJEb2N1bWVudC9Wbks0MndyTlkySQ","metadata":{"@type":"type.googleapis.com/google.cloud.functions.v1.OperationMetadataV1","target":"projects/zip-code-360707/locations/us-central1/functions/createUserDocument","type":"CREATE_FUNCTION","request":{"@type":"type.googleapis.com/google.cloud.functions.v1.CloudFunction","name":"projects/zip-code-360707/locations/us-central1/functions/createUserDocument","eventTrigger":{"eventType":"providers/firebase.auth/eventTypes/user.create","resource":"projects/zip-code-360707"},"entryPoint":"createUserDocument","labels":{"deployment-tool":"cli-firebase"},"sourceUploadUrl":"https://storage.googleapis.com/uploads-353291459238.us-central1.cloudfunctions.appspot.com/c40e1a83-a514-4c0a-a3c7-e7909c6f45a9.zip?GoogleAccessId=service-190705015541@gcf-admin-robot.iam.gserviceaccount.com&Expires=1661906758&Signature=vil8i%2Bh0iREMj4HkNKbPdKmSUIgiRIurBTECiW2TvYyyV52tXTH4HWvK67iFI9gPeyAfDpllCDRspmrvYvz0sR5T8j3RJwhrYlDUuwucsYOepwDotqO3c7CRWith1v8Hwe7zCuyjKqttg%2Fdd5jdZK%2BifZRQZy5k%2BzFnvXSxoO3HSZQWW3C3FbyAA1J37L%2BBeVLOgAECqf6tsGG6r6BDNTdWuHXHnfJwToAIBC7TY3JxnAD%2FYpl2FVB6Nu6B2P1o2YSDgLmvb7j4kCFrn597ZyN6EBNxPbIk%2B%2B%2BLN2QXHTIgIsRsjSOfYsidDKFsXeO4jARnfUr748eC00IseGf8wew%3D%3D","environmentVariables":{"FIREBASE_CONFIG":"{\"projectId\":\"zip-code-360707\",\"storageBucket\":\"zip-code-360707.appspot.com\",\"locationId\":\"us-west2\"}","GCLOUD_PROJECT":"zip-code-360707"},"runtime":"nodejs16","dockerRegistry":"ARTIFACT_REGISTRY"},"versionId":"1","updateTime":"2022-08-31T00:15:59Z","buildId":"ccf35141-e486-4e22-99cf-f61824027114","buildName":"projects/190705015541/locations/us-central1/builds/ccf35141-e486-4e22-99cf-f61824027114"}}
[debug] [2022-08-31T00:16:59.428Z] [create-default-us-central1-createUserDocument] Retrying task index 0
[debug] [2022-08-31T00:16:59.429Z] >>> [apiv2][query] GET https://cloudfunctions.googleapis.com/v1/operations/emlwLWNvZGUtMzYwNzA3L3VzLWNlbnRyYWwxL2NyZWF0ZVVzZXJEb2N1bWVudC9Wbks0MndyTlkySQ [none]
[debug] [2022-08-31T00:16:59.839Z] <<< [apiv2][status] GET https://cloudfunctions.googleapis.com/v1/operations/emlwLWNvZGUtMzYwNzA3L3VzLWNlbnRyYWwxL2NyZWF0ZVVzZXJEb2N1bWVudC9Wbks0MndyTlkySQ 200
[debug] [2022-08-31T00:16:59.840Z] <<< [apiv2][body] GET https://cloudfunctions.googleapis.com/v1/operations/emlwLWNvZGUtMzYwNzA3L3VzLWNlbnRyYWwxL2NyZWF0ZVVzZXJEb2N1bWVudC9Wbks0MndyTlkySQ {"name":"operations/emlwLWNvZGUtMzYwNzA3L3VzLWNlbnRyYWwxL2NyZWF0ZVVzZXJEb2N1bWVudC9Wbks0MndyTlkySQ","metadata":{"@type":"type.googleapis.com/google.cloud.functions.v1.OperationMetadataV1","target":"projects/zip-code-360707/locations/us-central1/functions/createUserDocument","type":"CREATE_FUNCTION","request":{"@type":"type.googleapis.com/google.cloud.functions.v1.CloudFunction","name":"projects/zip-code-360707/locations/us-central1/functions/createUserDocument","eventTrigger":{"eventType":"providers/firebase.auth/eventTypes/user.create","resource":"projects/zip-code-360707"},"entryPoint":"createUserDocument","labels":{"deployment-tool":"cli-firebase"},"sourceUploadUrl":"https://storage.googleapis.com/uploads-353291459238.us-central1.cloudfunctions.appspot.com/c40e1a83-a514-4c0a-a3c7-e7909c6f45a9.zip?GoogleAccessId=service-190705015541@gcf-admin-robot.iam.gserviceaccount.com&Expires=1661906758&Signature=vil8i%2Bh0iREMj4HkNKbPdKmSUIgiRIurBTECiW2TvYyyV52tXTH4HWvK67iFI9gPeyAfDpllCDRspmrvYvz0sR5T8j3RJwhrYlDUuwucsYOepwDotqO3c7CRWith1v8Hwe7zCuyjKqttg%2Fdd5jdZK%2BifZRQZy5k%2BzFnvXSxoO3HSZQWW3C3FbyAA1J37L%2BBeVLOgAECqf6tsGG6r6BDNTdWuHXHnfJwToAIBC7TY3JxnAD%2FYpl2FVB6Nu6B2P1o2YSDgLmvb7j4kCFrn597ZyN6EBNxPbIk%2B%2B%2BLN2QXHTIgIsRsjSOfYsidDKFsXeO4jARnfUr748eC00IseGf8wew%3D%3D","environmentVariables":{"FIREBASE_CONFIG":"{\"projectId\":\"zip-code-360707\",\"storageBucket\":\"zip-code-360707.appspot.com\",\"locationId\":\"us-west2\"}","GCLOUD_PROJECT":"zip-code-360707"},"runtime":"nodejs16","dockerRegistry":"ARTIFACT_REGISTRY"},"versionId":"1","updateTime":"2022-08-31T00:15:59Z","buildId":"ccf35141-e486-4e22-99cf-f61824027114","buildName":"projects/190705015541/locations/us-central1/builds/ccf35141-e486-4e22-99cf-f61824027114"}}
